switch off
switch off
switch off
2018-10-11 05:44:13.854878	AMI_CREATED	Hong_Gil_Dong20181011054413	ami-0f72e71543b249131
switch off
switch off
switch off
switch off
switch off
switch off
switch off
switch off
2018-11-01 11:15:02.006567	AMI_CREATED	Hong_Gil_Dong20181101111501	ami-0881aa22faaaa2496
'this_EC2' is running
creating image for instance i-063abc0078791fb01,Created at 20181101111501
It is valid key. so, I will update value.
An error occurred (InvalidSnapshot.InUse) when calling the DeleteSnapshot operation: The snapshot snap-0dc929c6e527161d3 is currently in use by ami-0f72e71543b249131
[{u'Description': 'Created by CreateImage(i-02dfce4562e5429d8) for ami-0f72e71543b249131 from vol-0e1008860b44ca941', u'Encrypted': False, u'VolumeId': 'vol-0e1008860b44ca941', u'State': 'completed', u'VolumeSize': 8, u'StartTime': datetime.datetime(2018, 10, 11, 5, 44, 26, tzinfo=tzlocal()), u'Progress': '100%', u'OwnerId': '092977743884', u'SnapshotId': 'snap-0dc929c6e527161d3'}, {u'Description': 'Created by CreateImage(i-08115a6e9413d33ba) for ami-0056adae1e63ced43 from vol-00fc13aca78917b62', u'Encrypted': False, u'VolumeId': 'vol-00fc13aca78917b62', u'State': 'completed', u'VolumeSize': 8, u'StartTime': datetime.datetime(2018, 10, 11, 5, 36, 13, tzinfo=tzlocal()), u'Progress': '100%', u'OwnerId': '092977743884', u'SnapshotId': 'snap-089a9d387bdd099c6'}, {u'Description': 'Created by CreateImage(i-0064fe4ffbe5ebe76) for ami-006d400d92728b6a4 from vol-0b41b3064427f35bb', u'Encrypted': False, u'VolumeId': 'vol-0b41b3064427f35bb', u'State': 'completed', u'VolumeSize': 8, u'StartTime': datetime.datetime(2018, 10, 11, 5, 32, 47, tzinfo=tzlocal()), u'Progress': '100%', u'OwnerId': '092977743884', u'SnapshotId': 'snap-0733cebf84f61ff34'}, {u'Description': 'Created by CreateImage(i-052b4821f5ec94d57) for ami-036d344554b4b053a from vol-0be2c1e33b5b37e76', u'Encrypted': False, u'VolumeId': 'vol-0be2c1e33b5b37e76', u'State': 'completed', u'VolumeSize': 8, u'StartTime': datetime.datetime(2018, 10, 11, 4, 26, 12, tzinfo=tzlocal()), u'Progress': '100%', u'OwnerId': '092977743884', u'SnapshotId': 'snap-04697375587c79483'}, {u'Description': 'Created by CreateImage(i-052b4821f5ec94d57) for ami-09f15101486fb85ef from vol-0be2c1e33b5b37e76', u'Encrypted': False, u'VolumeId': 'vol-0be2c1e33b5b37e76', u'State': 'completed', u'VolumeSize': 8, u'StartTime': datetime.datetime(2018, 10, 10, 18, 48, 1, tzinfo=tzlocal()), u'Progress': '100%', u'OwnerId': '092977743884', u'SnapshotId': 'snap-0893983e597ecad51'}, {u'Description': 'Created by CreateImage(i-0465fa4ef38f2064f) for ami-0cbad1ff1711f6e1d from vol-0ccdfe85652a29124', u'Encrypted': False, u'VolumeId': 'vol-0ccdfe85652a29124', u'State': 'completed', u'VolumeSize': 8, u'StartTime': datetime.datetime(2018, 10, 9, 11, 4, 10, tzinfo=tzlocal()), u'Progress': '100%', u'OwnerId': '092977743884', u'SnapshotId': 'snap-0f3237ac4868a58c7'}]
[{u'Description': 'Created by CreateImage(i-02dfce4562e5429d8) for ami-0f72e71543b249131 from vol-0e1008860b44ca941', u'Encrypted': False, u'VolumeId': 'vol-0e1008860b44ca941', u'State': 'completed', u'VolumeSize': 8, u'StartTime': datetime.datetime(2018, 10, 11, 5, 44, 26, tzinfo=tzlocal()), u'Progress': '100%', u'OwnerId': '092977743884', u'SnapshotId': 'snap-0dc929c6e527161d3'}, {u'Description': 'Created by CreateImage(i-08115a6e9413d33ba) for ami-0056adae1e63ced43 from vol-00fc13aca78917b62', u'Encrypted': False, u'VolumeId': 'vol-00fc13aca78917b62', u'State': 'completed', u'VolumeSize': 8, u'StartTime': datetime.datetime(2018, 10, 11, 5, 36, 13, tzinfo=tzlocal()), u'Progress': '100%', u'OwnerId': '092977743884', u'SnapshotId': 'snap-089a9d387bdd099c6'}, {u'Description': 'Created by CreateImage(i-0064fe4ffbe5ebe76) for ami-006d400d92728b6a4 from vol-0b41b3064427f35bb', u'Encrypted': False, u'VolumeId': 'vol-0b41b3064427f35bb', u'State': 'completed', u'VolumeSize': 8, u'StartTime': datetime.datetime(2018, 10, 11, 5, 32, 47, tzinfo=tzlocal()), u'Progress': '100%', u'OwnerId': '092977743884', u'SnapshotId': 'snap-0733cebf84f61ff34'}, {u'Description': 'Created by CreateImage(i-052b4821f5ec94d57) for ami-036d344554b4b053a from vol-0be2c1e33b5b37e76', u'Encrypted': False, u'VolumeId': 'vol-0be2c1e33b5b37e76', u'State': 'completed', u'VolumeSize': 8, u'StartTime': datetime.datetime(2018, 10, 11, 4, 26, 12, tzinfo=tzlocal()), u'Progress': '100%', u'OwnerId': '092977742018-11-01 11:15:02.959238	GARBAGE_COLLECTED	SNAPSHOTS
3884', u'SnapshotId': 'snap-04697375587c79483'}, {u'Description': 'Created by CreateImage(i-052b4821f5ec94d57) for ami-09f15101486fb85ef from vol-0be2c1e33b5b37e76', u'Encrypted': False, u'VolumeId': 'vol-0be2c1e33b5b37e76', u'State': 'completed', u'VolumeSize': 8, u'StartTime': datetime.datetime(2018, 10, 10, 18, 48, 1, tzinfo=tzlocal()), u'Progress': '100%', u'OwnerId': '092977743884', u'SnapshotId': 'snap-0893983e597ecad51'}, {u'Description': 'Created by CreateImage(i-0465fa4ef38f2064f) for ami-0cbad1ff1711f6e1d from vol-0ccdfe85652a29124', u'Encrypted': False, u'VolumeId': 'vol-0ccdfe85652a29124', u'State': 'completed', u'VolumeSize': 8, u'StartTime': datetime.datetime(2018, 10, 9, 11, 4, 10, tzinfo=tzlocal()), u'Progress': '100%', u'OwnerId': '092977743884', u'SnapshotId': 'snap-0f3237ac4868a58c7'}]
[{u'Description': 'Created by CreateImage(i-02dfce4562e5429d8) for ami-0f72e71543b249131 from vol-0e1008860b44ca941', u'Encrypted': False, u'VolumeId': 'vol-0e1008860b44ca941', u'State': 'completed', u'VolumeSize': 8, u'StartTime': datetime.datetime(2018, 10, 11, 5, 44, 26, tzinfo=tzlocal()), u'Progress': '100%', u'OwnerId': '092977743884', u'SnapshotId': 'snap-0dc929c6e527161d3'}, {u'Description': 'Created by CreateImage(i-08115a6e9413d33ba) for ami-0056adae1e63ced43 from vol-00fc13aca78917b62', u'Encrypted': False, u'VolumeId': 'vol-00fc13aca78917b62', u'State': 'completed', u'VolumeSize': 8, u'StartTime': datetime.datetime(2018, 10, 11, 5, 36, 13, tzinfo=tzlocal()), u'Progress': '100%', u'OwnerId': '092977743884', u'SnapshotId': 'snap-089a9d387bdd099c6'}, {u'Description': 'Created by CreateImage(i-0064fe4ffbe5ebe76) for ami-006d400d92728b6a4 from vol-0b41b3064427f35bb', u'Encrypted': False, u'VolumeId': 'vol-0b41b3064427f35bb', u'State': 'completed', u'VolumeSize': 8, u'StartTime': datetime.datetime(2018, 10, 11, 5, 32, 47, tzinfo=tzlocal()), u'Progress': '100%', u'OwnerId': '092977743884', u'SnapshotId': 'snap-0733cebf84f61ff34'}, {u'Description': 'Created by CreateImage(i-052b4821f5ec94d57) for ami-036d344554b4b053a from vol-0be2c1e33b5b37e76', u'Encrypted': False, u'VolumeId': 'vol-0be2c1e33b5b37e76', u'State': 'completed', u'VolumeSize': 8, u'StartTime': datetime.datetime(2018, 10, 11, 4, 26, 12, tzinfo=tzlocal()), u'Progress': '100%', u'OwnerId': '092977743884', u'SnapshotId': 'snap-04697375587c79483'}, {u'Description': 'Created by CreateImage(i-052b4821f5ec94d57) for ami-09f15101486fb85ef from vol-0be2c1e33b5b37e76', u'Encrypted': False, u'VolumeId': 'vol-0be2c1e33b5b37e76', u'State': 'completed', u'VolumeSize': 8, u'StartTime': datetime.datetime(2018, 10, 10, 18, 48, 1, tzinfo=tzlocal()), u'Progress': '100%', u'OwnerId': '092977743884', u'SnapshotId': 'snap-0893983e597ecad51'}, {u'Description': 'Created by CreateImage(i-0465fa4ef38f2064f) for ami-0cbad1ff1711f6e1d from vol-0ccdfe85652a29124', u'Encrypted': False, u'VolumeId': 'vol-0ccdfe85652a29124', u'State': 'completed', u'VolumeSize': 8, u'StartTime': datetime.datetime(2018, 10, 9, 11, 4, 10, tzinfo=tzlocal()), u'Progress': '100%', u'OwnerId': '092977743884', u'SnapshotId': 'snap-0f3237ac4868a58c7'}]
An error occurred (InvalidSnapshot.InUse) when calling the DeleteSnapshot operation: The snapshot snap-0893983e597ecad51 is currently in use by ami-09f15101486fb85ef
An error occurred (InvalidSnapshot.InUse) when calling the DeleteSnapshot operation: The snapshot snap-0f3237ac4868a58c7 is currently in use by ami-0cbad1ff1711f6e1d
It is valid key. so, I will update value.
2018-11-01 11:18:01.668679	AMI_CREATED	Hong_Gil_Dong20181101111801	ami-08414226d25b96f40
2018-11-01 11:18:01.763559	AMI_DEREGISTERED	ami-0881aa22faaaa2496
2018-11-01 11:18:02.271988	GARBAGE_COLLECTED	SNAPSHOTS
'this_EC2' is running
creating image for instance i-063abc0078791fb01,Created at 20181101111801
It is valid key. so, I will update value.
ami-0881aa22faaaa2496
[{u'Description': 'Created by CreateImage(i-063abc0078791fb01) for ami-0881aa22faaaa2496 from vol-04e5c1a737bd61170', u'Encrypted': False, u'VolumeId': 'vol-04e5c1a737bd61170', u'State': 'completed', u'VolumeSize': 8, u'StartTime': datetime.datetime(2018, 11, 1, 11, 15, 16, tzinfo=tzlocal()), u'Progress': '100%', u'OwnerId': '092977743884', u'SnapshotId': 'snap-0dacf896227837f87'}, {u'Description': 'Created by CreateImage(i-02dfce4562e5429d8) for ami-0f72e71543b249131 from vol-0e1008860b44ca941', u'Encrypted': False, u'VolumeId': 'vol-0e1008860b44ca941', u'State': 'completed', u'VolumeSize': 8, u'StartTime': datetime.datetime(2018, 10, 11, 5, 44, 26, tzinfo=tzlocal()), u'Progress': '100%', u'OwnerId': '092977743884', u'SnapshotId': 'snap-0dc929c6e527161d3'}, {u'Description': 'Created by CreateImage(i-052b4821f5ec94d57) for ami-09f15101486fb85ef from vol-0be2c1e33b5b37e76', u'Encrypted': False, u'VolumeId': 'vol-0be2c1e33b5b37e76', u'State': 'completed', u'VolumeSize': 8, u'StartTime': datetime.datetime(2018, 10, 10, 18, 48, 1, tzinfo=tzlocal()), u'Progress': '100%', u'OwnerId': '092977743884', u'SnapshotId': 'snap-0893983e597ecad51'}, {u'Description': 'Created by CreateImage(i-0465fa4ef38f2064f) for ami-0cbad1ff1711f6e1d from vol-0ccdfe85652a29124', u'Encrypted': False, u'VolumeId': 'vol-0ccdfe85652a29124', u'State': 'completed', u'VolumeSize': 8, u'StartTime': datetime.datetime(2018, 10, 9, 11, 4, 10, tzinfo=tzlocal()), u'Progress': '100%', u'OwnerId': '092977743884', u'SnapshotId': 'snap-0f3237ac4868a58c7'}]
An error occurred (InvalidSnapshot.InUse) when calling the DeleteSnapshot operation: The snapshot snap-0dc929c6e527161d3 is currently in use by ami-0f72e71543b249131
An error occurred (InvalidSnapshot.InUse) when calling the DeleteSnapshot operation: The snapshot snap-0893983e597ecad51 is currently in use by ami-09f15101486fb85ef
An error occurred (InvalidSnapshot.InUse) when calling the DeleteSnapshot operation: The snapshot snap-0f3237ac4868a58c7 is currently in use by ami-0cbad1ff1711f6e1d
It is valid key. so, I will update value.
2018-11-01 11:20:02.166483	EC2_STOPPED	i-063abc0078791fb01
2018-11-01 11:20:03.148325	EC2_CREATED	i-028e3a442d744818e
'this_EC2' is running
'this_AMI' is available
It is valid key. so, I will update value.
{u'StoppingInstances': [{u'InstanceId': 'i-063abc0078791fb01', u'CurrentState': {u'Code': 64, u'Name': 'stopping'}, u'PreviousState': {u'Code': 16, u'Name': 'running'}}], 'ResponseMetadata': {'RetryAttempts': 0, 'HTTPStatusCode': 200, 'RequestId': 'b50d9a53-bbfe-4789-91ee-c43a6046b613', 'HTTPHeaders': {'date': 'Thu, 01 Nov 2018 11:20:01 GMT', 'content-length': '579', 'content-type': 'text/xml;charset=UTF-8', 'server': 'AmazonEC2'}}}
('i-028e3a442d744818e', 't2.micro')
It is valid key. so, I will update value.
It is valid key. so, I will update value.
2018-11-01 11:21:01.825273	EC2_TERMINATED	i-063abc0078791fb01
2018-11-01 11:21:02.294176	GARBAGE_COLLECTED	Volumes
2018-11-01 11:21:02.685083	AMI_CREATED	Hong_Gil_Dong20181101112102	ami-0792f0308f5939815
2018-11-01 11:21:02.814252	AMI_DEREGISTERED	ami-08414226d25b96f40
2018-11-01 11:21:03.293162	GARBAGE_COLLECTED	SNAPSHOTS
terminate EC2
{u'TerminatingInstances': [{u'InstanceId': 'i-063abc0078791fb01', u'CurrentState': {u'Code': 48, u'Name': 'terminated'}, u'PreviousState': {u'Code': 80, u'Name': 'stopped'}}], 'ResponseMetadata': {'RetryAttempts': 0, 'HTTPStatusCode': 200, 'RequestId': '47962742-0661-4628-bba6-3f1210850020', 'HTTPHeaders': {'transfer-encoding': 'chunked', 'content-type': 'text/xml;charset=UTF-8', 'vary': 'Accept-Encoding', 'date': 'Thu, 01 Nov 2018 11:21:01 GMT', 'server': 'AmazonEC2'}}}
An error occurred (VolumeInUse) when calling the DeleteVolume operation: Volume vol-09833e19eb6833804 is currently attached to i-042557d4131dc3f4b
An error occurred (VolumeInUse) when calling the DeleteVolume operation: Volume vol-04e5c1a737bd61170 is currently attached to i-063abc0078791fb01
An error occurred (VolumeInUse) when calling the DeleteVolume operation: Volume vol-036492c7ee63f2206 is currently attached to i-028e3a442d744818e
It is valid key. so, I will update value.
'this_EC2' is running
creating image for instance i-028e3a442d744818e,Created at 20181101112102
It is valid key. so, I will update value.
ami-08414226d25b96f40
[{u'Description': 'Created by CreateImage(i-063abc0078791fb01) for ami-08414226d25b96f40 from vol-04e5c1a737bd61170', u'Encrypted': False, u'VolumeId': 'vol-04e5c1a737bd61170', u'State': 'completed', u'VolumeSize': 8, u'StartTime': datetime.datetime(2018, 11, 1, 11, 18, 14, tzinfo=tzlocal()), u'Progress': '100%', u'OwnerId': '092977743884', u'SnapshotId': 'snap-0c8f83081d63bb753'}, {u'Description': 'Created by CreateImage(i-02dfce4562e5429d8) for ami-0f72e71543b249131 from vol-0e1008860b44ca941', u'Encrypted': False, u'VolumeId': 'vol-0e1008860b44ca941', u'State': 'completed', u'VolumeSize': 8, u'StartTime': datetime.datetime(2018, 10, 11, 5, 44, 26, tzinfo=tzlocal()), u'Progress': '100%', u'OwnerId': '092977743884', u'SnapshotId': 'snap-0dc929c6e527161d3'}, {u'Description': 'Created by CreateImage(i-052b4821f5ec94d57) for ami-09f15101486fb85ef from vol-0be2c1e33b5b37e76', u'Encrypted': False, u'VolumeId': 'vol-0be2c1e33b5b37e76', u'State': 'completed', u'VolumeSize': 8, u'StartTime': datetime.datetime(2018, 10, 10, 18, 48, 1, tzinfo=tzlocal()), u'Progress': '100%', u'OwnerId': '092977743884', u'SnapshotId': 'snap-0893983e597ecad51'}, {u'Description': 'Created by CreateImage(i-0465fa4ef38f2064f) for ami-0cbad1ff1711f6e1d from vol-0ccdfe85652a29124', u'Encrypted': False, u'VolumeId': 'vol-0ccdfe85652a29124', u'State': 'completed', u'VolumeSize': 8, u'StartTime': datetime.datetime(2018, 10, 9, 11, 4, 10, tzinfo=tzlocal()), u'Progress': '100%', u'OwnerId': '092977743884', u'SnapshotId': 'snap-0f3237ac4868a58c7'}]
An error occurred (InvalidSnapshot.InUse) when calling the DeleteSnapshot operation: The snapshot snap-0dc929c6e527161d3 is currently in use by ami-0f72e71543b249131
An error occurred (InvalidSnapshot.InUse) when calling the DeleteSnapshot operation: The snapshot snap-0893983e597ecad51 is currently in use by ami-09f15101486fb85ef
An error occurred (InvalidSnapshot.InUse) when calling the DeleteSnapshot operation: The snapshot snap-0f3237ac4868a58c7 is currently in use by ami-0cbad1ff1711f6e1d
It is valid key. so, I will update value.
